  main.cpp
C:\Users\LeonS\OneDrive\Programieren\C++\AStar\AStar\main.cpp(52,44): warning C4244: 'argument': conversion from 'int' to 'float', possible loss of data
C:\Users\LeonS\OneDrive\Programieren\C++\AStar\AStar\main.cpp(52,33): warning C4244: 'argument': conversion from 'int' to 'float', possible loss of data
C:\Users\LeonS\OneDrive\Programieren\C++\AStar\AStar\main.cpp(297,41): warning C4244: 'argument': conversion from 'int' to 'T', possible loss of data
          with
          [
              T=float
          ]
C:\Users\LeonS\OneDrive\Programieren\C++\AStar\AStar\main.cpp(297,33): warning C4244: 'argument': conversion from 'int' to 'T', possible loss of data
          with
          [
              T=float
          ]
C:\Users\LeonS\OneDrive\Programieren\C++\AStar\AStar\main.cpp(298,41): warning C4244: 'argument': conversion from 'int' to 'T', possible loss of data
          with
          [
              T=float
          ]
C:\Users\LeonS\OneDrive\Programieren\C++\AStar\AStar\main.cpp(298,33): warning C4244: 'argument': conversion from 'int' to 'T', possible loss of data
          with
          [
              T=float
          ]
  AStar.vcxproj -> C:\Users\LeonS\OneDrive\Programieren\C++\AStar\x64\Debug\AStar.exe
